20-Nov-2020 16:57:57.901 INFO [main] org.apache.catalina.startup.VersionLoggerListener.log Server version name:   Apache Tomcat/9.0.40
20-Nov-2020 16:57:57.909 INFO [main] org.apache.catalina.startup.VersionLoggerListener.log Server built:          Nov 12 2020 15:35:02 UTC
20-Nov-2020 16:57:57.909 INFO [main] org.apache.catalina.startup.VersionLoggerListener.log Server version number: 9.0.40.0
20-Nov-2020 16:57:57.909 INFO [main] org.apache.catalina.startup.VersionLoggerListener.log OS Name:               Windows 10
20-Nov-2020 16:57:57.909 INFO [main] org.apache.catalina.startup.VersionLoggerListener.log Версия ОС:             10.0
20-Nov-2020 16:57:57.909 INFO [main] org.apache.catalina.startup.VersionLoggerListener.log Архитектура:           amd64
20-Nov-2020 16:57:57.909 INFO [main] org.apache.catalina.startup.VersionLoggerListener.log Java Home:             C:\Program Files\Java\jre1.8.0_191
20-Nov-2020 16:57:57.909 INFO [main] org.apache.catalina.startup.VersionLoggerListener.log Версия JVM:            1.8.0_191-b12
20-Nov-2020 16:57:57.909 INFO [main] org.apache.catalina.startup.VersionLoggerListener.log JVM Vendor:            Oracle Corporation
20-Nov-2020 16:57:57.909 INFO [main] org.apache.catalina.startup.VersionLoggerListener.log CATALINA_BASE:         D:\Projects\Home\MySocNet
20-Nov-2020 16:57:57.909 INFO [main] org.apache.catalina.startup.VersionLoggerListener.log CATALINA_HOME:         D:\Projects\Home\MySocNet
20-Nov-2020 16:57:57.909 INFO [main] org.apache.catalina.startup.VersionLoggerListener.log Command line argument: -Djava.util.logging.config.file=D:\Projects\Home\MySocNet\conf\logging.properties
20-Nov-2020 16:57:57.909 INFO [main] org.apache.catalina.startup.VersionLoggerListener.log Command line argument: -Djava.util.logging.manager=org.apache.juli.ClassLoaderLogManager
20-Nov-2020 16:57:57.909 INFO [main] org.apache.catalina.startup.VersionLoggerListener.log Command line argument: -Djdk.tls.ephemeralDHKeySize=2048
20-Nov-2020 16:57:57.909 INFO [main] org.apache.catalina.startup.VersionLoggerListener.log Command line argument: -Djava.protocol.handler.pkgs=org.apache.catalina.webresources
20-Nov-2020 16:57:57.917 INFO [main] org.apache.catalina.startup.VersionLoggerListener.log Command line argument: -Dignore.endorsed.dirs=
20-Nov-2020 16:57:57.917 INFO [main] org.apache.catalina.startup.VersionLoggerListener.log Command line argument: -Dcatalina.base=D:\Projects\Home\MySocNet
20-Nov-2020 16:57:57.917 INFO [main] org.apache.catalina.startup.VersionLoggerListener.log Command line argument: -Dcatalina.home=D:\Projects\Home\MySocNet
20-Nov-2020 16:57:57.917 INFO [main] org.apache.catalina.startup.VersionLoggerListener.log Command line argument: -Djava.io.tmpdir=D:\Projects\Home\MySocNet\temp
20-Nov-2020 16:57:57.941 INFO [main] org.apache.catalina.core.AprLifecycleListener.lifecycleEvent Loaded Apache Tomcat Native library [1.2.25] using APR version [1.7.0].
20-Nov-2020 16:57:57.941 INFO [main] org.apache.catalina.core.AprLifecycleListener.lifecycleEvent APR capabilities: IPv6 [true], sendfile [true], accept filters [false], random [true].
20-Nov-2020 16:57:57.941 INFO [main] org.apache.catalina.core.AprLifecycleListener.lifecycleEvent APR/OpenSSL configuration: useAprConnector [false], useOpenSSL [true]
20-Nov-2020 16:57:57.949 INFO [main] org.apache.catalina.core.AprLifecycleListener.initializeSSL OpenSSL successfully initialized [OpenSSL 1.1.1g  21 Apr 2020]
20-Nov-2020 16:57:58.214 INFO [main] org.apache.coyote.AbstractProtocol.init Initializing ProtocolHandler ["http-nio-8080"]
20-Nov-2020 16:57:58.424 SEVERE [main] org.apache.catalina.util.LifecycleBase.handleSubClassException Failed to initialize component [Connector[HTTP/1.1-8080]]
	org.apache.catalina.LifecycleException: Protocol handler initialization failed
		at org.apache.catalina.connector.Connector.initInternal(Connector.java:1042)
		at org.apache.catalina.util.LifecycleBase.init(LifecycleBase.java:136)
		at org.apache.catalina.core.StandardService.initInternal(StandardService.java:533)
		at org.apache.catalina.util.LifecycleBase.init(LifecycleBase.java:136)
		at org.apache.catalina.core.StandardServer.initInternal(StandardServer.java:1057)
		at org.apache.catalina.util.LifecycleBase.init(LifecycleBase.java:136)
		at org.apache.catalina.startup.Catalina.load(Catalina.java:724)
		at org.apache.catalina.startup.Catalina.load(Catalina.java:746)
		at sun.reflect.NativeMethodAccessorImpl.invoke0(Native Method)
		at sun.reflect.NativeMethodAccessorImpl.invoke(Unknown Source)
		at sun.reflect.DelegatingMethodAccessorImpl.invoke(Unknown Source)
		at java.lang.reflect.Method.invoke(Unknown Source)
		at org.apache.catalina.startup.Bootstrap.load(Bootstrap.java:302)
		at org.apache.catalina.startup.Bootstrap.main(Bootstrap.java:472)
	Caused by: java.net.BindException: Address already in use: bind
		at sun.nio.ch.Net.bind0(Native Method)
		at sun.nio.ch.Net.bind(Unknown Source)
		at sun.nio.ch.Net.bind(Unknown Source)
		at sun.nio.ch.ServerSocketChannelImpl.bind(Unknown Source)
		at sun.nio.ch.ServerSocketAdaptor.bind(Unknown Source)
		at org.apache.tomcat.util.net.NioEndpoint.initServerSocket(NioEndpoint.java:228)
		at org.apache.tomcat.util.net.NioEndpoint.bind(NioEndpoint.java:211)
		at org.apache.tomcat.util.net.AbstractEndpoint.bindWithCleanup(AbstractEndpoint.java:1141)
		at org.apache.tomcat.util.net.AbstractEndpoint.init(AbstractEndpoint.java:1154)
		at org.apache.coyote.AbstractProtocol.init(AbstractProtocol.java:592)
		at org.apache.coyote.http11.AbstractHttp11Protocol.init(AbstractHttp11Protocol.java:80)
		at org.apache.catalina.connector.Connector.initInternal(Connector.java:1039)
		... 13 more
20-Nov-2020 16:57:58.424 INFO [main] org.apache.catalina.startup.Catalina.load Server initialization in [674] milliseconds
20-Nov-2020 16:57:58.449 INFO [main] org.apache.catalina.core.StandardService.startInternal Starting service [Catalina]
20-Nov-2020 16:57:58.449 INFO [main] org.apache.catalina.core.StandardEngine.startInternal Starting Servlet engine: [Apache Tomcat/9.0.40]
20-Nov-2020 16:57:58.454 INFO [main] org.apache.catalina.startup.HostConfig.deployDirectory Установка веб приложения в папку [D:\Projects\Home\MySocNet\webapps\docs]
20-Nov-2020 16:57:58.639 INFO [main] org.apache.catalina.startup.HostConfig.deployDirectory Deployment of web application directory [D:\Projects\Home\MySocNet\webapps\docs] has finished in [180] ms
20-Nov-2020 16:57:58.639 INFO [main] org.apache.catalina.startup.HostConfig.deployDirectory Установка веб приложения в папку [D:\Projects\Home\MySocNet\webapps\examples]
20-Nov-2020 16:57:58.874 INFO [main] org.apache.catalina.startup.HostConfig.deployDirectory Deployment of web application directory [D:\Projects\Home\MySocNet\webapps\examples] has finished in [235] ms
20-Nov-2020 16:57:58.874 INFO [main] org.apache.catalina.startup.HostConfig.deployDirectory Установка веб приложения в папку [D:\Projects\Home\MySocNet\webapps\host-manager]
20-Nov-2020 16:57:58.899 INFO [main] org.apache.catalina.startup.HostConfig.deployDirectory Deployment of web application directory [D:\Projects\Home\MySocNet\webapps\host-manager] has finished in [25] ms
20-Nov-2020 16:57:58.899 INFO [main] org.apache.catalina.startup.HostConfig.deployDirectory Установка веб приложения в папку [D:\Projects\Home\MySocNet\webapps\manager]
20-Nov-2020 16:57:58.922 INFO [main] org.apache.catalina.startup.HostConfig.deployDirectory Deployment of web application directory [D:\Projects\Home\MySocNet\webapps\manager] has finished in [23] ms
20-Nov-2020 16:57:58.922 INFO [main] org.apache.catalina.startup.HostConfig.deployDirectory Установка веб приложения в папку [D:\Projects\Home\MySocNet\webapps\ROOT]
20-Nov-2020 16:57:58.939 INFO [main] org.apache.catalina.startup.HostConfig.deployDirectory Deployment of web application directory [D:\Projects\Home\MySocNet\webapps\ROOT] has finished in [17] ms
20-Nov-2020 16:57:58.944 INFO [main] org.apache.catalina.startup.Catalina.start Server startup in [513] milliseconds
20-Nov-2020 17:27:40.255 INFO [main] org.apache.catalina.startup.VersionLoggerListener.log Server version name:   Apache Tomcat/9.0.40
20-Nov-2020 17:27:40.257 INFO [main] org.apache.catalina.startup.VersionLoggerListener.log Server built:          Nov 12 2020 15:35:02 UTC
20-Nov-2020 17:27:40.259 INFO [main] org.apache.catalina.startup.VersionLoggerListener.log Server version number: 9.0.40.0
20-Nov-2020 17:27:40.259 INFO [main] org.apache.catalina.startup.VersionLoggerListener.log OS Name:               Windows 10
20-Nov-2020 17:27:40.260 INFO [main] org.apache.catalina.startup.VersionLoggerListener.log Версия ОС:             10.0
20-Nov-2020 17:27:40.261 INFO [main] org.apache.catalina.startup.VersionLoggerListener.log Архитектура:           amd64
20-Nov-2020 17:27:40.262 INFO [main] org.apache.catalina.startup.VersionLoggerListener.log Java Home:             C:\Program Files\Java\jre1.8.0_191
20-Nov-2020 17:27:40.262 INFO [main] org.apache.catalina.startup.VersionLoggerListener.log Версия JVM:            1.8.0_191-b12
20-Nov-2020 17:27:40.262 INFO [main] org.apache.catalina.startup.VersionLoggerListener.log JVM Vendor:            Oracle Corporation
20-Nov-2020 17:27:40.262 INFO [main] org.apache.catalina.startup.VersionLoggerListener.log CATALINA_BASE:         D:\Projects\Home\MySocNet
20-Nov-2020 17:27:40.263 INFO [main] org.apache.catalina.startup.VersionLoggerListener.log CATALINA_HOME:         D:\Projects\Home\MySocNet
20-Nov-2020 17:27:40.263 INFO [main] org.apache.catalina.startup.VersionLoggerListener.log Command line argument: -Djava.util.logging.config.file=D:\Projects\Home\MySocNet\conf\logging.properties
20-Nov-2020 17:27:40.267 INFO [main] org.apache.catalina.startup.VersionLoggerListener.log Command line argument: -Djava.util.logging.manager=org.apache.juli.ClassLoaderLogManager
20-Nov-2020 17:27:40.267 INFO [main] org.apache.catalina.startup.VersionLoggerListener.log Command line argument: -Djdk.tls.ephemeralDHKeySize=2048
20-Nov-2020 17:27:40.272 INFO [main] org.apache.catalina.startup.VersionLoggerListener.log Command line argument: -Djava.protocol.handler.pkgs=org.apache.catalina.webresources
20-Nov-2020 17:27:40.272 INFO [main] org.apache.catalina.startup.VersionLoggerListener.log Command line argument: -Dignore.endorsed.dirs=
20-Nov-2020 17:27:40.274 INFO [main] org.apache.catalina.startup.VersionLoggerListener.log Command line argument: -Dcatalina.base=D:\Projects\Home\MySocNet
20-Nov-2020 17:27:40.275 INFO [main] org.apache.catalina.startup.VersionLoggerListener.log Command line argument: -Dcatalina.home=D:\Projects\Home\MySocNet
20-Nov-2020 17:27:40.276 INFO [main] org.apache.catalina.startup.VersionLoggerListener.log Command line argument: -Djava.io.tmpdir=D:\Projects\Home\MySocNet\temp
20-Nov-2020 17:27:40.279 INFO [main] org.apache.catalina.core.AprLifecycleListener.lifecycleEvent Loaded Apache Tomcat Native library [1.2.25] using APR version [1.7.0].
20-Nov-2020 17:27:40.280 INFO [main] org.apache.catalina.core.AprLifecycleListener.lifecycleEvent APR capabilities: IPv6 [true], sendfile [true], accept filters [false], random [true].
20-Nov-2020 17:27:40.285 INFO [main] org.apache.catalina.core.AprLifecycleListener.lifecycleEvent APR/OpenSSL configuration: useAprConnector [false], useOpenSSL [true]
20-Nov-2020 17:27:40.291 INFO [main] org.apache.catalina.core.AprLifecycleListener.initializeSSL OpenSSL successfully initialized [OpenSSL 1.1.1g  21 Apr 2020]
20-Nov-2020 17:27:40.563 INFO [main] org.apache.coyote.AbstractProtocol.init Initializing ProtocolHandler ["http-nio-3000"]
20-Nov-2020 17:27:40.768 INFO [main] org.apache.catalina.startup.Catalina.load Server initialization in [677] milliseconds
20-Nov-2020 17:27:40.787 INFO [main] org.apache.catalina.core.StandardService.startInternal Starting service [Catalina]
20-Nov-2020 17:27:40.788 INFO [main] org.apache.catalina.core.StandardEngine.startInternal Starting Servlet engine: [Apache Tomcat/9.0.40]
20-Nov-2020 17:27:40.797 INFO [main] org.apache.catalina.startup.HostConfig.deployDirectory Установка веб приложения в папку [D:\Projects\Home\MySocNet\webapps\docs]
20-Nov-2020 17:27:40.972 INFO [main] org.apache.catalina.startup.HostConfig.deployDirectory Deployment of web application directory [D:\Projects\Home\MySocNet\webapps\docs] has finished in [176] ms
20-Nov-2020 17:27:40.973 INFO [main] org.apache.catalina.startup.HostConfig.deployDirectory Установка веб приложения в папку [D:\Projects\Home\MySocNet\webapps\examples]
20-Nov-2020 17:27:41.200 INFO [main] org.apache.catalina.startup.HostConfig.deployDirectory Deployment of web application directory [D:\Projects\Home\MySocNet\webapps\examples] has finished in [227] ms
20-Nov-2020 17:27:41.200 INFO [main] org.apache.catalina.startup.HostConfig.deployDirectory Установка веб приложения в папку [D:\Projects\Home\MySocNet\webapps\host-manager]
20-Nov-2020 17:27:41.225 INFO [main] org.apache.catalina.startup.HostConfig.deployDirectory Deployment of web application directory [D:\Projects\Home\MySocNet\webapps\host-manager] has finished in [24] ms
20-Nov-2020 17:27:41.226 INFO [main] org.apache.catalina.startup.HostConfig.deployDirectory Установка веб приложения в папку [D:\Projects\Home\MySocNet\webapps\manager]
20-Nov-2020 17:27:41.253 INFO [main] org.apache.catalina.startup.HostConfig.deployDirectory Deployment of web application directory [D:\Projects\Home\MySocNet\webapps\manager] has finished in [28] ms
20-Nov-2020 17:27:41.253 INFO [main] org.apache.catalina.startup.HostConfig.deployDirectory Установка веб приложения в папку [D:\Projects\Home\MySocNet\webapps\ROOT]
20-Nov-2020 17:27:41.271 INFO [main] org.apache.catalina.startup.HostConfig.deployDirectory Deployment of web application directory [D:\Projects\Home\MySocNet\webapps\ROOT] has finished in [17] ms
20-Nov-2020 17:27:41.275 INFO [main] org.apache.coyote.AbstractProtocol.start Starting ProtocolHandler ["http-nio-3000"]
20-Nov-2020 17:27:41.287 INFO [main] org.apache.catalina.startup.Catalina.start Server startup in [518] milliseconds
20-Nov-2020 17:50:31.281 INFO [main] org.apache.catalina.startup.VersionLoggerListener.log Server version name:   Apache Tomcat/9.0.40
20-Nov-2020 17:50:31.288 INFO [main] org.apache.catalina.startup.VersionLoggerListener.log Server built:          Nov 12 2020 15:35:02 UTC
20-Nov-2020 17:50:31.289 INFO [main] org.apache.catalina.startup.VersionLoggerListener.log Server version number: 9.0.40.0
20-Nov-2020 17:50:31.308 INFO [main] org.apache.catalina.startup.VersionLoggerListener.log OS Name:               Windows 10
20-Nov-2020 17:50:31.310 INFO [main] org.apache.catalina.startup.VersionLoggerListener.log Версия ОС:             10.0
20-Nov-2020 17:50:31.312 INFO [main] org.apache.catalina.startup.VersionLoggerListener.log Архитектура:           amd64
20-Nov-2020 17:50:31.313 INFO [main] org.apache.catalina.startup.VersionLoggerListener.log Java Home:             C:\Program Files\Java\jre1.8.0_191
20-Nov-2020 17:50:31.313 INFO [main] org.apache.catalina.startup.VersionLoggerListener.log Версия JVM:            1.8.0_191-b12
20-Nov-2020 17:50:31.314 INFO [main] org.apache.catalina.startup.VersionLoggerListener.log JVM Vendor:            Oracle Corporation
20-Nov-2020 17:50:31.314 INFO [main] org.apache.catalina.startup.VersionLoggerListener.log CATALINA_BASE:         D:\Projects\Home\MySocNet
20-Nov-2020 17:50:31.315 INFO [main] org.apache.catalina.startup.VersionLoggerListener.log CATALINA_HOME:         D:\Projects\Home\MySocNet
20-Nov-2020 17:50:31.318 INFO [main] org.apache.catalina.startup.VersionLoggerListener.log Command line argument: -Djava.util.logging.config.file=D:\Projects\Home\MySocNet\conf\logging.properties
20-Nov-2020 17:50:31.322 INFO [main] org.apache.catalina.startup.VersionLoggerListener.log Command line argument: -Djava.util.logging.manager=org.apache.juli.ClassLoaderLogManager
20-Nov-2020 17:50:31.322 INFO [main] org.apache.catalina.startup.VersionLoggerListener.log Command line argument: -Djdk.tls.ephemeralDHKeySize=2048
20-Nov-2020 17:50:31.322 INFO [main] org.apache.catalina.startup.VersionLoggerListener.log Command line argument: -Djava.protocol.handler.pkgs=org.apache.catalina.webresources
20-Nov-2020 17:50:31.328 INFO [main] org.apache.catalina.startup.VersionLoggerListener.log Command line argument: -Dignore.endorsed.dirs=
20-Nov-2020 17:50:31.328 INFO [main] org.apache.catalina.startup.VersionLoggerListener.log Command line argument: -Dcatalina.base=D:\Projects\Home\MySocNet
20-Nov-2020 17:50:31.329 INFO [main] org.apache.catalina.startup.VersionLoggerListener.log Command line argument: -Dcatalina.home=D:\Projects\Home\MySocNet
20-Nov-2020 17:50:31.330 INFO [main] org.apache.catalina.startup.VersionLoggerListener.log Command line argument: -Djava.io.tmpdir=D:\Projects\Home\MySocNet\temp
20-Nov-2020 17:50:31.335 INFO [main] org.apache.catalina.core.AprLifecycleListener.lifecycleEvent Loaded Apache Tomcat Native library [1.2.25] using APR version [1.7.0].
20-Nov-2020 17:50:31.335 INFO [main] org.apache.catalina.core.AprLifecycleListener.lifecycleEvent APR capabilities: IPv6 [true], sendfile [true], accept filters [false], random [true].
20-Nov-2020 17:50:31.336 INFO [main] org.apache.catalina.core.AprLifecycleListener.lifecycleEvent APR/OpenSSL configuration: useAprConnector [false], useOpenSSL [true]
20-Nov-2020 17:50:31.343 INFO [main] org.apache.catalina.core.AprLifecycleListener.initializeSSL OpenSSL successfully initialized [OpenSSL 1.1.1g  21 Apr 2020]
20-Nov-2020 17:50:31.691 INFO [main] org.apache.coyote.AbstractProtocol.init Initializing ProtocolHandler ["http-nio-3000"]
20-Nov-2020 17:50:31.910 INFO [main] org.apache.catalina.startup.Catalina.load Server initialization in [1086] milliseconds
20-Nov-2020 17:50:31.931 INFO [main] org.apache.catalina.core.StandardService.startInternal Starting service [Catalina]
20-Nov-2020 17:50:31.931 INFO [main] org.apache.catalina.core.StandardEngine.startInternal Starting Servlet engine: [Apache Tomcat/9.0.40]
20-Nov-2020 17:50:31.939 INFO [main] org.apache.catalina.startup.HostConfig.deployDirectory Установка веб приложения в папку [D:\Projects\Home\MySocNet\webapps\docs]
20-Nov-2020 17:50:32.160 INFO [main] org.apache.catalina.startup.HostConfig.deployDirectory Deployment of web application directory [D:\Projects\Home\MySocNet\webapps\docs] has finished in [220] ms
20-Nov-2020 17:50:32.161 INFO [main] org.apache.catalina.startup.HostConfig.deployDirectory Установка веб приложения в папку [D:\Projects\Home\MySocNet\webapps\examples]
20-Nov-2020 17:50:32.425 INFO [main] org.apache.catalina.startup.HostConfig.deployDirectory Deployment of web application directory [D:\Projects\Home\MySocNet\webapps\examples] has finished in [264] ms
20-Nov-2020 17:50:32.426 INFO [main] org.apache.catalina.startup.HostConfig.deployDirectory Установка веб приложения в папку [D:\Projects\Home\MySocNet\webapps\host-manager]
20-Nov-2020 17:50:32.452 INFO [main] org.apache.catalina.startup.HostConfig.deployDirectory Deployment of web application directory [D:\Projects\Home\MySocNet\webapps\host-manager] has finished in [26] ms
20-Nov-2020 17:50:32.453 INFO [main] org.apache.catalina.startup.HostConfig.deployDirectory Установка веб приложения в папку [D:\Projects\Home\MySocNet\webapps\manager]
20-Nov-2020 17:50:32.478 INFO [main] org.apache.catalina.startup.HostConfig.deployDirectory Deployment of web application directory [D:\Projects\Home\MySocNet\webapps\manager] has finished in [26] ms
20-Nov-2020 17:50:32.479 INFO [main] org.apache.catalina.startup.HostConfig.deployDirectory Установка веб приложения в папку [D:\Projects\Home\MySocNet\webapps\ROOT]
20-Nov-2020 17:50:32.497 INFO [main] org.apache.catalina.startup.HostConfig.deployDirectory Deployment of web application directory [D:\Projects\Home\MySocNet\webapps\ROOT] has finished in [19] ms
20-Nov-2020 17:50:32.503 INFO [main] org.apache.coyote.AbstractProtocol.start Starting ProtocolHandler ["http-nio-3000"]
20-Nov-2020 17:50:32.513 INFO [main] org.apache.catalina.startup.Catalina.start Server startup in [602] milliseconds
20-Nov-2020 17:51:12.789 INFO [main] org.apache.catalina.startup.VersionLoggerListener.log Server version name:   Apache Tomcat/9.0.40
20-Nov-2020 17:51:12.805 INFO [main] org.apache.catalina.startup.VersionLoggerListener.log Server built:          Nov 12 2020 15:35:02 UTC
20-Nov-2020 17:51:12.807 INFO [main] org.apache.catalina.startup.VersionLoggerListener.log Server version number: 9.0.40.0
20-Nov-2020 17:51:12.809 INFO [main] org.apache.catalina.startup.VersionLoggerListener.log OS Name:               Windows 10
20-Nov-2020 17:51:12.810 INFO [main] org.apache.catalina.startup.VersionLoggerListener.log Версия ОС:             10.0
20-Nov-2020 17:51:12.813 INFO [main] org.apache.catalina.startup.VersionLoggerListener.log Архитектура:           amd64
20-Nov-2020 17:51:12.816 INFO [main] org.apache.catalina.startup.VersionLoggerListener.log Java Home:             C:\Program Files\Java\jre1.8.0_191
20-Nov-2020 17:51:12.819 INFO [main] org.apache.catalina.startup.VersionLoggerListener.log Версия JVM:            1.8.0_191-b12
20-Nov-2020 17:51:12.820 INFO [main] org.apache.catalina.startup.VersionLoggerListener.log JVM Vendor:            Oracle Corporation
20-Nov-2020 17:51:12.821 INFO [main] org.apache.catalina.startup.VersionLoggerListener.log CATALINA_BASE:         D:\Projects\Home\MySocNet
20-Nov-2020 17:51:12.821 INFO [main] org.apache.catalina.startup.VersionLoggerListener.log CATALINA_HOME:         D:\Projects\Home\MySocNet
20-Nov-2020 17:51:12.826 INFO [main] org.apache.catalina.startup.VersionLoggerListener.log Command line argument: -Djava.util.logging.config.file=D:\Projects\Home\MySocNet\conf\logging.properties
20-Nov-2020 17:51:12.831 INFO [main] org.apache.catalina.startup.VersionLoggerListener.log Command line argument: -Djava.util.logging.manager=org.apache.juli.ClassLoaderLogManager
20-Nov-2020 17:51:12.836 INFO [main] org.apache.catalina.startup.VersionLoggerListener.log Command line argument: -Djdk.tls.ephemeralDHKeySize=2048
20-Nov-2020 17:51:12.839 INFO [main] org.apache.catalina.startup.VersionLoggerListener.log Command line argument: -Djava.protocol.handler.pkgs=org.apache.catalina.webresources
20-Nov-2020 17:51:12.858 INFO [main] org.apache.catalina.startup.VersionLoggerListener.log Command line argument: -Dignore.endorsed.dirs=
20-Nov-2020 17:51:12.860 INFO [main] org.apache.catalina.startup.VersionLoggerListener.log Command line argument: -Dcatalina.base=D:\Projects\Home\MySocNet
20-Nov-2020 17:51:12.864 INFO [main] org.apache.catalina.startup.VersionLoggerListener.log Command line argument: -Dcatalina.home=D:\Projects\Home\MySocNet
20-Nov-2020 17:51:12.865 INFO [main] org.apache.catalina.startup.VersionLoggerListener.log Command line argument: -Djava.io.tmpdir=D:\Projects\Home\MySocNet\temp
20-Nov-2020 17:51:12.887 INFO [main] org.apache.catalina.core.AprLifecycleListener.lifecycleEvent Loaded Apache Tomcat Native library [1.2.25] using APR version [1.7.0].
20-Nov-2020 17:51:12.891 INFO [main] org.apache.catalina.core.AprLifecycleListener.lifecycleEvent APR capabilities: IPv6 [true], sendfile [true], accept filters [false], random [true].
20-Nov-2020 17:51:12.897 INFO [main] org.apache.catalina.core.AprLifecycleListener.lifecycleEvent APR/OpenSSL configuration: useAprConnector [false], useOpenSSL [true]
20-Nov-2020 17:51:12.926 INFO [main] org.apache.catalina.core.AprLifecycleListener.initializeSSL OpenSSL successfully initialized [OpenSSL 1.1.1g  21 Apr 2020]
20-Nov-2020 17:51:13.310 INFO [main] org.apache.coyote.AbstractProtocol.init Initializing ProtocolHandler ["http-nio-3000"]
20-Nov-2020 17:51:13.518 INFO [main] org.apache.catalina.startup.Catalina.load Server initialization in [1074] milliseconds
20-Nov-2020 17:51:13.542 INFO [main] org.apache.catalina.core.StandardService.startInternal Starting service [Catalina]
20-Nov-2020 17:51:13.542 INFO [main] org.apache.catalina.core.StandardEngine.startInternal Starting Servlet engine: [Apache Tomcat/9.0.40]
20-Nov-2020 17:51:13.552 INFO [main] org.apache.catalina.startup.HostConfig.deployDirectory Установка веб приложения в папку [D:\Projects\Home\MySocNet\webapps\docs]
20-Nov-2020 17:51:13.729 INFO [main] org.apache.catalina.startup.HostConfig.deployDirectory Deployment of web application directory [D:\Projects\Home\MySocNet\webapps\docs] has finished in [176] ms
20-Nov-2020 17:51:13.730 INFO [main] org.apache.catalina.startup.HostConfig.deployDirectory Установка веб приложения в папку [D:\Projects\Home\MySocNet\webapps\examples]
20-Nov-2020 17:51:13.948 INFO [main] org.apache.catalina.startup.HostConfig.deployDirectory Deployment of web application directory [D:\Projects\Home\MySocNet\webapps\examples] has finished in [218] ms
20-Nov-2020 17:51:13.948 INFO [main] org.apache.catalina.startup.HostConfig.deployDirectory Установка веб приложения в папку [D:\Projects\Home\MySocNet\webapps\host-manager]
20-Nov-2020 17:51:13.977 INFO [main] org.apache.catalina.startup.HostConfig.deployDirectory Deployment of web application directory [D:\Projects\Home\MySocNet\webapps\host-manager] has finished in [29] ms
20-Nov-2020 17:51:13.978 INFO [main] org.apache.catalina.startup.HostConfig.deployDirectory Установка веб приложения в папку [D:\Projects\Home\MySocNet\webapps\manager]
20-Nov-2020 17:51:14.005 INFO [main] org.apache.catalina.startup.HostConfig.deployDirectory Deployment of web application directory [D:\Projects\Home\MySocNet\webapps\manager] has finished in [27] ms
20-Nov-2020 17:51:14.006 INFO [main] org.apache.catalina.startup.HostConfig.deployDirectory Установка веб приложения в папку [D:\Projects\Home\MySocNet\webapps\ROOT]
20-Nov-2020 17:51:14.026 INFO [main] org.apache.catalina.startup.HostConfig.deployDirectory Deployment of web application directory [D:\Projects\Home\MySocNet\webapps\ROOT] has finished in [20] ms
20-Nov-2020 17:51:14.034 INFO [main] org.apache.coyote.AbstractProtocol.start Starting ProtocolHandler ["http-nio-3000"]
20-Nov-2020 17:51:14.043 INFO [main] org.apache.catalina.startup.Catalina.start Server startup in [524] milliseconds
20-Nov-2020 17:51:48.846 INFO [main] org.apache.catalina.startup.VersionLoggerListener.log Server version name:   Apache Tomcat/9.0.40
20-Nov-2020 17:51:48.849 INFO [main] org.apache.catalina.startup.VersionLoggerListener.log Server built:          Nov 12 2020 15:35:02 UTC
20-Nov-2020 17:51:48.849 INFO [main] org.apache.catalina.startup.VersionLoggerListener.log Server version number: 9.0.40.0
20-Nov-2020 17:51:48.850 INFO [main] org.apache.catalina.startup.VersionLoggerListener.log OS Name:               Windows 10
20-Nov-2020 17:51:48.850 INFO [main] org.apache.catalina.startup.VersionLoggerListener.log Версия ОС:             10.0
20-Nov-2020 17:51:48.851 INFO [main] org.apache.catalina.startup.VersionLoggerListener.log Архитектура:           amd64
20-Nov-2020 17:51:48.851 INFO [main] org.apache.catalina.startup.VersionLoggerListener.log Java Home:             C:\Program Files\Java\jre1.8.0_191
20-Nov-2020 17:51:48.851 INFO [main] org.apache.catalina.startup.VersionLoggerListener.log Версия JVM:            1.8.0_191-b12
20-Nov-2020 17:51:48.851 INFO [main] org.apache.catalina.startup.VersionLoggerListener.log JVM Vendor:            Oracle Corporation
20-Nov-2020 17:51:48.852 INFO [main] org.apache.catalina.startup.VersionLoggerListener.log CATALINA_BASE:         D:\Projects\Home\MySocNet
20-Nov-2020 17:51:48.852 INFO [main] org.apache.catalina.startup.VersionLoggerListener.log CATALINA_HOME:         D:\Projects\Home\MySocNet
20-Nov-2020 17:51:48.853 INFO [main] org.apache.catalina.startup.VersionLoggerListener.log Command line argument: -Djava.util.logging.config.file=D:\Projects\Home\MySocNet\conf\logging.properties
20-Nov-2020 17:51:48.853 INFO [main] org.apache.catalina.startup.VersionLoggerListener.log Command line argument: -Djava.util.logging.manager=org.apache.juli.ClassLoaderLogManager
20-Nov-2020 17:51:48.853 INFO [main] org.apache.catalina.startup.VersionLoggerListener.log Command line argument: -Djdk.tls.ephemeralDHKeySize=2048
20-Nov-2020 17:51:48.853 INFO [main] org.apache.catalina.startup.VersionLoggerListener.log Command line argument: -Djava.protocol.handler.pkgs=org.apache.catalina.webresources
20-Nov-2020 17:51:48.853 INFO [main] org.apache.catalina.startup.VersionLoggerListener.log Command line argument: -Dignore.endorsed.dirs=
20-Nov-2020 17:51:48.854 INFO [main] org.apache.catalina.startup.VersionLoggerListener.log Command line argument: -Dcatalina.base=D:\Projects\Home\MySocNet
20-Nov-2020 17:51:48.859 INFO [main] org.apache.catalina.startup.VersionLoggerListener.log Command line argument: -Dcatalina.home=D:\Projects\Home\MySocNet
20-Nov-2020 17:51:48.863 INFO [main] org.apache.catalina.startup.VersionLoggerListener.log Command line argument: -Djava.io.tmpdir=D:\Projects\Home\MySocNet\temp
20-Nov-2020 17:51:48.868 INFO [main] org.apache.catalina.core.AprLifecycleListener.lifecycleEvent Loaded Apache Tomcat Native library [1.2.25] using APR version [1.7.0].
20-Nov-2020 17:51:48.868 INFO [main] org.apache.catalina.core.AprLifecycleListener.lifecycleEvent APR capabilities: IPv6 [true], sendfile [true], accept filters [false], random [true].
20-Nov-2020 17:51:48.870 INFO [main] org.apache.catalina.core.AprLifecycleListener.lifecycleEvent APR/OpenSSL configuration: useAprConnector [false], useOpenSSL [true]
20-Nov-2020 17:51:48.883 INFO [main] org.apache.catalina.core.AprLifecycleListener.initializeSSL OpenSSL successfully initialized [OpenSSL 1.1.1g  21 Apr 2020]
20-Nov-2020 17:51:49.235 INFO [main] org.apache.coyote.AbstractProtocol.init Initializing ProtocolHandler ["http-nio-3000"]
20-Nov-2020 17:51:49.580 INFO [main] org.apache.catalina.startup.Catalina.load Server initialization in [1258] milliseconds
20-Nov-2020 17:51:49.610 INFO [main] org.apache.catalina.core.StandardService.startInternal Starting service [Catalina]
20-Nov-2020 17:51:49.611 INFO [main] org.apache.catalina.core.StandardEngine.startInternal Starting Servlet engine: [Apache Tomcat/9.0.40]
20-Nov-2020 17:51:49.623 INFO [main] org.apache.catalina.startup.HostConfig.deployDirectory Установка веб приложения в папку [D:\Projects\Home\MySocNet\webapps\docs]
20-Nov-2020 17:51:49.817 INFO [main] org.apache.catalina.startup.HostConfig.deployDirectory Deployment of web application directory [D:\Projects\Home\MySocNet\webapps\docs] has finished in [193] ms
20-Nov-2020 17:51:49.818 INFO [main] org.apache.catalina.startup.HostConfig.deployDirectory Установка веб приложения в папку [D:\Projects\Home\MySocNet\webapps\examples]
20-Nov-2020 17:51:50.060 INFO [main] org.apache.catalina.startup.HostConfig.deployDirectory Deployment of web application directory [D:\Projects\Home\MySocNet\webapps\examples] has finished in [241] ms
20-Nov-2020 17:51:50.060 INFO [main] org.apache.catalina.startup.HostConfig.deployDirectory Установка веб приложения в папку [D:\Projects\Home\MySocNet\webapps\host-manager]
20-Nov-2020 17:51:50.085 INFO [main] org.apache.catalina.startup.HostConfig.deployDirectory Deployment of web application directory [D:\Projects\Home\MySocNet\webapps\host-manager] has finished in [25] ms
20-Nov-2020 17:51:50.086 INFO [main] org.apache.catalina.startup.HostConfig.deployDirectory Установка веб приложения в папку [D:\Projects\Home\MySocNet\webapps\manager]
20-Nov-2020 17:51:50.113 INFO [main] org.apache.catalina.startup.HostConfig.deployDirectory Deployment of web application directory [D:\Projects\Home\MySocNet\webapps\manager] has finished in [27] ms
20-Nov-2020 17:51:50.114 INFO [main] org.apache.catalina.startup.HostConfig.deployDirectory Установка веб приложения в папку [D:\Projects\Home\MySocNet\webapps\ROOT]
20-Nov-2020 17:51:50.138 INFO [main] org.apache.catalina.startup.HostConfig.deployDirectory Deployment of web application directory [D:\Projects\Home\MySocNet\webapps\ROOT] has finished in [25] ms
20-Nov-2020 17:51:50.144 INFO [main] org.apache.coyote.AbstractProtocol.start Starting ProtocolHandler ["http-nio-3000"]
20-Nov-2020 17:51:50.157 INFO [main] org.apache.catalina.startup.Catalina.start Server startup in [577] milliseconds
20-Nov-2020 18:15:24.806 INFO [main] org.apache.catalina.startup.VersionLoggerListener.log Server version name:   Apache Tomcat/9.0.40
20-Nov-2020 18:15:24.810 INFO [main] org.apache.catalina.startup.VersionLoggerListener.log Server built:          Nov 12 2020 15:35:02 UTC
20-Nov-2020 18:15:24.810 INFO [main] org.apache.catalina.startup.VersionLoggerListener.log Server version number: 9.0.40.0
20-Nov-2020 18:15:24.810 INFO [main] org.apache.catalina.startup.VersionLoggerListener.log OS Name:               Windows 10
20-Nov-2020 18:15:24.810 INFO [main] org.apache.catalina.startup.VersionLoggerListener.log Версия ОС:             10.0
20-Nov-2020 18:15:24.811 INFO [main] org.apache.catalina.startup.VersionLoggerListener.log Архитектура:           amd64
20-Nov-2020 18:15:24.812 INFO [main] org.apache.catalina.startup.VersionLoggerListener.log Java Home:             C:\Program Files\Java\jre1.8.0_191
20-Nov-2020 18:15:24.812 INFO [main] org.apache.catalina.startup.VersionLoggerListener.log Версия JVM:            1.8.0_191-b12
20-Nov-2020 18:15:24.812 INFO [main] org.apache.catalina.startup.VersionLoggerListener.log JVM Vendor:            Oracle Corporation
20-Nov-2020 18:15:24.812 INFO [main] org.apache.catalina.startup.VersionLoggerListener.log CATALINA_BASE:         D:\Projects\Home\MySocNet
20-Nov-2020 18:15:24.813 INFO [main] org.apache.catalina.startup.VersionLoggerListener.log CATALINA_HOME:         D:\Projects\Home\MySocNet
20-Nov-2020 18:15:24.814 INFO [main] org.apache.catalina.startup.VersionLoggerListener.log Command line argument: -Djava.util.logging.config.file=D:\Projects\Home\MySocNet\conf\logging.properties
20-Nov-2020 18:15:24.814 INFO [main] org.apache.catalina.startup.VersionLoggerListener.log Command line argument: -Djava.util.logging.manager=org.apache.juli.ClassLoaderLogManager
20-Nov-2020 18:15:24.815 INFO [main] org.apache.catalina.startup.VersionLoggerListener.log Command line argument: -Djdk.tls.ephemeralDHKeySize=2048
20-Nov-2020 18:15:24.815 INFO [main] org.apache.catalina.startup.VersionLoggerListener.log Command line argument: -Djava.protocol.handler.pkgs=org.apache.catalina.webresources
20-Nov-2020 18:15:24.820 INFO [main] org.apache.catalina.startup.VersionLoggerListener.log Command line argument: -Dignore.endorsed.dirs=
20-Nov-2020 18:15:24.825 INFO [main] org.apache.catalina.startup.VersionLoggerListener.log Command line argument: -Dcatalina.base=D:\Projects\Home\MySocNet
20-Nov-2020 18:15:24.826 INFO [main] org.apache.catalina.startup.VersionLoggerListener.log Command line argument: -Dcatalina.home=D:\Projects\Home\MySocNet
20-Nov-2020 18:15:24.826 INFO [main] org.apache.catalina.startup.VersionLoggerListener.log Command line argument: -Djava.io.tmpdir=D:\Projects\Home\MySocNet\temp
20-Nov-2020 18:15:24.835 INFO [main] org.apache.catalina.core.AprLifecycleListener.lifecycleEvent Loaded Apache Tomcat Native library [1.2.25] using APR version [1.7.0].
20-Nov-2020 18:15:24.836 INFO [main] org.apache.catalina.core.AprLifecycleListener.lifecycleEvent APR capabilities: IPv6 [true], sendfile [true], accept filters [false], random [true].
20-Nov-2020 18:15:24.838 INFO [main] org.apache.catalina.core.AprLifecycleListener.lifecycleEvent APR/OpenSSL configuration: useAprConnector [false], useOpenSSL [true]
20-Nov-2020 18:15:24.851 INFO [main] org.apache.catalina.core.AprLifecycleListener.initializeSSL OpenSSL successfully initialized [OpenSSL 1.1.1g  21 Apr 2020]
20-Nov-2020 18:15:25.196 INFO [main] org.apache.coyote.AbstractProtocol.init Initializing ProtocolHandler ["http-nio-3000"]
20-Nov-2020 18:15:25.417 INFO [main] org.apache.catalina.startup.Catalina.load Server initialization in [1172] milliseconds
20-Nov-2020 18:15:25.441 INFO [main] org.apache.catalina.core.StandardService.startInternal Starting service [Catalina]
20-Nov-2020 18:15:25.442 INFO [main] org.apache.catalina.core.StandardEngine.startInternal Starting Servlet engine: [Apache Tomcat/9.0.40]
20-Nov-2020 18:15:25.450 INFO [main] org.apache.catalina.startup.HostConfig.deployDirectory Установка веб приложения в папку [D:\Projects\Home\MySocNet\webapps\docs]
20-Nov-2020 18:15:25.645 INFO [main] org.apache.catalina.startup.HostConfig.deployDirectory Deployment of web application directory [D:\Projects\Home\MySocNet\webapps\docs] has finished in [194] ms
20-Nov-2020 18:15:25.645 INFO [main] org.apache.catalina.startup.HostConfig.deployDirectory Установка веб приложения в папку [D:\Projects\Home\MySocNet\webapps\examples]
20-Nov-2020 18:15:25.936 INFO [main] org.apache.catalina.startup.HostConfig.deployDirectory Deployment of web application directory [D:\Projects\Home\MySocNet\webapps\examples] has finished in [290] ms
20-Nov-2020 18:15:25.936 INFO [main] org.apache.catalina.startup.HostConfig.deployDirectory Установка веб приложения в папку [D:\Projects\Home\MySocNet\webapps\host-manager]
20-Nov-2020 18:15:25.970 INFO [main] org.apache.catalina.startup.HostConfig.deployDirectory Deployment of web application directory [D:\Projects\Home\MySocNet\webapps\host-manager] has finished in [34] ms
20-Nov-2020 18:15:25.970 INFO [main] org.apache.catalina.startup.HostConfig.deployDirectory Установка веб приложения в папку [D:\Projects\Home\MySocNet\webapps\manager]
20-Nov-2020 18:15:26.009 INFO [main] org.apache.catalina.startup.HostConfig.deployDirectory Deployment of web application directory [D:\Projects\Home\MySocNet\webapps\manager] has finished in [39] ms
20-Nov-2020 18:15:26.010 INFO [main] org.apache.catalina.startup.HostConfig.deployDirectory Установка веб приложения в папку [D:\Projects\Home\MySocNet\webapps\ROOT]
20-Nov-2020 18:15:26.030 INFO [main] org.apache.catalina.startup.HostConfig.deployDirectory Deployment of web application directory [D:\Projects\Home\MySocNet\webapps\ROOT] has finished in [20] ms
20-Nov-2020 18:15:26.037 INFO [main] org.apache.coyote.AbstractProtocol.start Starting ProtocolHandler ["http-nio-3000"]
20-Nov-2020 18:15:26.046 INFO [main] org.apache.catalina.startup.Catalina.start Server startup in [629] milliseconds
20-Nov-2020 18:18:35.244 INFO [main] org.apache.catalina.startup.VersionLoggerListener.log Server version name:   Apache Tomcat/9.0.40
20-Nov-2020 18:18:35.248 INFO [main] org.apache.catalina.startup.VersionLoggerListener.log Server built:          Nov 12 2020 15:35:02 UTC
20-Nov-2020 18:18:35.249 INFO [main] org.apache.catalina.startup.VersionLoggerListener.log Server version number: 9.0.40.0
20-Nov-2020 18:18:35.249 INFO [main] org.apache.catalina.startup.VersionLoggerListener.log OS Name:               Windows 10
20-Nov-2020 18:18:35.249 INFO [main] org.apache.catalina.startup.VersionLoggerListener.log Версия ОС:             10.0
20-Nov-2020 18:18:35.250 INFO [main] org.apache.catalina.startup.VersionLoggerListener.log Архитектура:           amd64
20-Nov-2020 18:18:35.250 INFO [main] org.apache.catalina.startup.VersionLoggerListener.log Java Home:             C:\Program Files\Java\jre1.8.0_191
20-Nov-2020 18:18:35.251 INFO [main] org.apache.catalina.startup.VersionLoggerListener.log Версия JVM:            1.8.0_191-b12
20-Nov-2020 18:18:35.251 INFO [main] org.apache.catalina.startup.VersionLoggerListener.log JVM Vendor:            Oracle Corporation
20-Nov-2020 18:18:35.252 INFO [main] org.apache.catalina.startup.VersionLoggerListener.log CATALINA_BASE:         D:\Projects\Home\MySocNet
20-Nov-2020 18:18:35.252 INFO [main] org.apache.catalina.startup.VersionLoggerListener.log CATALINA_HOME:         D:\Projects\Home\MySocNet
20-Nov-2020 18:18:35.254 INFO [main] org.apache.catalina.startup.VersionLoggerListener.log Command line argument: -Djava.util.logging.config.file=D:\Projects\Home\MySocNet\conf\logging.properties
20-Nov-2020 18:18:35.255 INFO [main] org.apache.catalina.startup.VersionLoggerListener.log Command line argument: -Djava.util.logging.manager=org.apache.juli.ClassLoaderLogManager
20-Nov-2020 18:18:35.255 INFO [main] org.apache.catalina.startup.VersionLoggerListener.log Command line argument: -Djdk.tls.ephemeralDHKeySize=2048
20-Nov-2020 18:18:35.256 INFO [main] org.apache.catalina.startup.VersionLoggerListener.log Command line argument: -Djava.protocol.handler.pkgs=org.apache.catalina.webresources
20-Nov-2020 18:18:35.263 INFO [main] org.apache.catalina.startup.VersionLoggerListener.log Command line argument: -Dignore.endorsed.dirs=
20-Nov-2020 18:18:35.264 INFO [main] org.apache.catalina.startup.VersionLoggerListener.log Command line argument: -Dcatalina.base=D:\Projects\Home\MySocNet
20-Nov-2020 18:18:35.267 INFO [main] org.apache.catalina.startup.VersionLoggerListener.log Command line argument: -Dcatalina.home=D:\Projects\Home\MySocNet
20-Nov-2020 18:18:35.268 INFO [main] org.apache.catalina.startup.VersionLoggerListener.log Command line argument: -Djava.io.tmpdir=D:\Projects\Home\MySocNet\temp
20-Nov-2020 18:18:35.278 INFO [main] org.apache.catalina.core.AprLifecycleListener.lifecycleEvent Loaded Apache Tomcat Native library [1.2.25] using APR version [1.7.0].
20-Nov-2020 18:18:35.278 INFO [main] org.apache.catalina.core.AprLifecycleListener.lifecycleEvent APR capabilities: IPv6 [true], sendfile [true], accept filters [false], random [true].
20-Nov-2020 18:18:35.279 INFO [main] org.apache.catalina.core.AprLifecycleListener.lifecycleEvent APR/OpenSSL configuration: useAprConnector [false], useOpenSSL [true]
20-Nov-2020 18:18:35.290 INFO [main] org.apache.catalina.core.AprLifecycleListener.initializeSSL OpenSSL successfully initialized [OpenSSL 1.1.1g  21 Apr 2020]
20-Nov-2020 18:18:35.647 INFO [main] org.apache.coyote.AbstractProtocol.init Initializing ProtocolHandler ["http-nio-3000"]
20-Nov-2020 18:18:35.891 INFO [main] org.apache.catalina.startup.Catalina.load Server initialization in [1059] milliseconds
20-Nov-2020 18:18:35.912 INFO [main] org.apache.catalina.core.StandardService.startInternal Starting service [Catalina]
20-Nov-2020 18:18:35.912 INFO [main] org.apache.catalina.core.StandardEngine.startInternal Starting Servlet engine: [Apache Tomcat/9.0.40]
20-Nov-2020 18:18:35.922 INFO [main] org.apache.catalina.startup.HostConfig.deployDirectory Установка веб приложения в папку [D:\Projects\Home\MySocNet\webapps\docs]
20-Nov-2020 18:18:36.145 INFO [main] org.apache.catalina.startup.HostConfig.deployDirectory Deployment of web application directory [D:\Projects\Home\MySocNet\webapps\docs] has finished in [222] ms
20-Nov-2020 18:18:36.145 INFO [main] org.apache.catalina.startup.HostConfig.deployDirectory Установка веб приложения в папку [D:\Projects\Home\MySocNet\webapps\examples]
20-Nov-2020 18:18:36.402 INFO [main] org.apache.catalina.startup.HostConfig.deployDirectory Deployment of web application directory [D:\Projects\Home\MySocNet\webapps\examples] has finished in [256] ms
20-Nov-2020 18:18:36.402 INFO [main] org.apache.catalina.startup.HostConfig.deployDirectory Установка веб приложения в папку [D:\Projects\Home\MySocNet\webapps\host-manager]
20-Nov-2020 18:18:36.427 INFO [main] org.apache.catalina.startup.HostConfig.deployDirectory Deployment of web application directory [D:\Projects\Home\MySocNet\webapps\host-manager] has finished in [25] ms
20-Nov-2020 18:18:36.427 INFO [main] org.apache.catalina.startup.HostConfig.deployDirectory Установка веб приложения в папку [D:\Projects\Home\MySocNet\webapps\manager]
20-Nov-2020 18:18:36.450 INFO [main] org.apache.catalina.startup.HostConfig.deployDirectory Deployment of web application directory [D:\Projects\Home\MySocNet\webapps\manager] has finished in [23] ms
20-Nov-2020 18:18:36.450 INFO [main] org.apache.catalina.startup.HostConfig.deployDirectory Установка веб приложения в папку [D:\Projects\Home\MySocNet\webapps\ROOT]
20-Nov-2020 18:18:36.469 INFO [main] org.apache.catalina.startup.HostConfig.deployDirectory Deployment of web application directory [D:\Projects\Home\MySocNet\webapps\ROOT] has finished in [19] ms
20-Nov-2020 18:18:36.475 INFO [main] org.apache.coyote.AbstractProtocol.start Starting ProtocolHandler ["http-nio-3000"]
20-Nov-2020 18:18:36.485 INFO [main] org.apache.catalina.startup.Catalina.start Server startup in [594] milliseconds
