22-Nov-2020 18:16:25.364 INFO [main] org.apache.catalina.core.ApplicationContext.log ContextListener: contextInitialized()
22-Nov-2020 18:16:25.364 INFO [main] org.apache.catalina.core.ApplicationContext.log SessionListener: contextInitialized()
22-Nov-2020 18:16:25.366 INFO [main] org.apache.catalina.core.ApplicationContext.log ContextListener: attributeAdded('StockTicker', 'async.Stockticker@548e6d58')
22-Nov-2020 18:21:27.745 INFO [main] org.apache.catalina.core.ApplicationContext.log ContextListener: contextInitialized()
22-Nov-2020 18:21:27.746 INFO [main] org.apache.catalina.core.ApplicationContext.log SessionListener: contextInitialized()
22-Nov-2020 18:21:27.748 INFO [main] org.apache.catalina.core.ApplicationContext.log ContextListener: attributeAdded('StockTicker', 'async.Stockticker@548e6d58')
22-Nov-2020 18:23:06.617 INFO [main] org.apache.catalina.core.ApplicationContext.log ContextListener: contextInitialized()
22-Nov-2020 18:23:06.617 INFO [main] org.apache.catalina.core.ApplicationContext.log SessionListener: contextInitialized()
22-Nov-2020 18:23:06.619 INFO [main] org.apache.catalina.core.ApplicationContext.log ContextListener: attributeAdded('StockTicker', 'async.Stockticker@548e6d58')
22-Nov-2020 18:25:39.161 INFO [main] org.apache.catalina.core.ApplicationContext.log ContextListener: contextInitialized()
22-Nov-2020 18:25:39.161 INFO [main] org.apache.catalina.core.ApplicationContext.log SessionListener: contextInitialized()
22-Nov-2020 18:25:39.163 INFO [main] org.apache.catalina.core.ApplicationContext.log ContextListener: attributeAdded('StockTicker', 'async.Stockticker@548e6d58')
22-Nov-2020 18:29:34.532 INFO [main] org.apache.catalina.core.ApplicationContext.log ContextListener: contextInitialized()
22-Nov-2020 18:29:34.532 INFO [main] org.apache.catalina.core.ApplicationContext.log SessionListener: contextInitialized()
22-Nov-2020 18:29:34.534 INFO [main] org.apache.catalina.core.ApplicationContext.log ContextListener: attributeAdded('StockTicker', 'async.Stockticker@548e6d58')
22-Nov-2020 18:30:07.056 INFO [main] org.apache.catalina.core.ApplicationContext.log ContextListener: contextInitialized()
22-Nov-2020 18:30:07.056 INFO [main] org.apache.catalina.core.ApplicationContext.log SessionListener: contextInitialized()
22-Nov-2020 18:30:07.058 INFO [main] org.apache.catalina.core.ApplicationContext.log ContextListener: attributeAdded('StockTicker', 'async.Stockticker@548e6d58')
22-Nov-2020 18:31:59.107 INFO [main] org.apache.catalina.core.ApplicationContext.log ContextListener: contextInitialized()
22-Nov-2020 18:31:59.107 INFO [main] org.apache.catalina.core.ApplicationContext.log SessionListener: contextInitialized()
22-Nov-2020 18:31:59.112 INFO [main] org.apache.catalina.core.ApplicationContext.log ContextListener: attributeAdded('StockTicker', 'async.Stockticker@15ca7889')
22-Nov-2020 18:31:59.260 INFO [main] org.apache.catalina.core.ApplicationContext.log SessionListener: contextDestroyed()
22-Nov-2020 18:31:59.261 INFO [main] org.apache.catalina.core.ApplicationContext.log ContextListener: contextDestroyed()
22-Nov-2020 18:35:51.312 INFO [main] org.apache.catalina.core.ApplicationContext.log ContextListener: contextInitialized()
22-Nov-2020 18:35:51.312 INFO [main] org.apache.catalina.core.ApplicationContext.log SessionListener: contextInitialized()
22-Nov-2020 18:35:51.314 INFO [main] org.apache.catalina.core.ApplicationContext.log ContextListener: attributeAdded('StockTicker', 'async.Stockticker@548e6d58')
22-Nov-2020 18:42:23.222 INFO [main] org.apache.catalina.core.ApplicationContext.log ContextListener: contextInitialized()
22-Nov-2020 18:42:23.222 INFO [main] org.apache.catalina.core.ApplicationContext.log SessionListener: contextInitialized()
22-Nov-2020 18:42:23.222 INFO [main] org.apache.catalina.core.ApplicationContext.log ContextListener: attributeAdded('StockTicker', 'async.Stockticker@548e6d58')
