24-Nov-2020 09:28:59.695 INFO [main] org.apache.catalina.core.ApplicationContext.log ContextListener: contextInitialized()
24-Nov-2020 09:28:59.696 INFO [main] org.apache.catalina.core.ApplicationContext.log SessionListener: contextInitialized()
24-Nov-2020 09:28:59.697 INFO [main] org.apache.catalina.core.ApplicationContext.log ContextListener: attributeAdded('StockTicker', 'async.Stockticker@548e6d58')
24-Nov-2020 09:32:35.238 INFO [main] org.apache.catalina.core.ApplicationContext.log ContextListener: contextInitialized()
24-Nov-2020 09:32:35.238 INFO [main] org.apache.catalina.core.ApplicationContext.log SessionListener: contextInitialized()
24-Nov-2020 09:32:35.240 INFO [main] org.apache.catalina.core.ApplicationContext.log ContextListener: attributeAdded('StockTicker', 'async.Stockticker@548e6d58')
24-Nov-2020 09:34:17.331 INFO [main] org.apache.catalina.core.ApplicationContext.log ContextListener: contextInitialized()
24-Nov-2020 09:34:17.332 INFO [main] org.apache.catalina.core.ApplicationContext.log SessionListener: contextInitialized()
24-Nov-2020 09:34:17.337 INFO [main] org.apache.catalina.core.ApplicationContext.log ContextListener: attributeAdded('StockTicker', 'async.Stockticker@7a675056')
24-Nov-2020 09:34:17.553 INFO [main] org.apache.catalina.core.ApplicationContext.log SessionListener: contextDestroyed()
24-Nov-2020 09:34:17.553 INFO [main] org.apache.catalina.core.ApplicationContext.log ContextListener: contextDestroyed()
24-Nov-2020 09:34:25.377 INFO [main] org.apache.catalina.core.ApplicationContext.log ContextListener: contextInitialized()
24-Nov-2020 09:34:25.377 INFO [main] org.apache.catalina.core.ApplicationContext.log SessionListener: contextInitialized()
24-Nov-2020 09:34:25.379 INFO [main] org.apache.catalina.core.ApplicationContext.log ContextListener: attributeAdded('StockTicker', 'async.Stockticker@548e6d58')
24-Nov-2020 09:35:04.943 INFO [main] org.apache.catalina.core.ApplicationContext.log ContextListener: contextInitialized()
24-Nov-2020 09:35:04.943 INFO [main] org.apache.catalina.core.ApplicationContext.log SessionListener: contextInitialized()
24-Nov-2020 09:35:04.944 INFO [main] org.apache.catalina.core.ApplicationContext.log ContextListener: attributeAdded('StockTicker', 'async.Stockticker@3c0be339')
24-Nov-2020 09:35:05.043 INFO [main] org.apache.catalina.core.ApplicationContext.log SessionListener: contextDestroyed()
24-Nov-2020 09:35:05.043 INFO [main] org.apache.catalina.core.ApplicationContext.log ContextListener: contextDestroyed()
24-Nov-2020 09:38:04.210 INFO [main] org.apache.catalina.core.ApplicationContext.log ContextListener: contextInitialized()
24-Nov-2020 09:38:04.210 INFO [main] org.apache.catalina.core.ApplicationContext.log SessionListener: contextInitialized()
24-Nov-2020 09:38:04.212 INFO [main] org.apache.catalina.core.ApplicationContext.log ContextListener: attributeAdded('StockTicker', 'async.Stockticker@7a675056')
24-Nov-2020 09:38:04.311 INFO [main] org.apache.catalina.core.ApplicationContext.log SessionListener: contextDestroyed()
24-Nov-2020 09:38:04.311 INFO [main] org.apache.catalina.core.ApplicationContext.log ContextListener: contextDestroyed()
24-Nov-2020 09:39:58.435 INFO [main] org.apache.catalina.core.ApplicationContext.log ContextListener: contextInitialized()
24-Nov-2020 09:39:58.435 INFO [main] org.apache.catalina.core.ApplicationContext.log SessionListener: contextInitialized()
24-Nov-2020 09:39:58.437 INFO [main] org.apache.catalina.core.ApplicationContext.log ContextListener: attributeAdded('StockTicker', 'async.Stockticker@7a675056')
24-Nov-2020 09:39:58.568 INFO [main] org.apache.catalina.core.ApplicationContext.log SessionListener: contextDestroyed()
24-Nov-2020 09:39:58.568 INFO [main] org.apache.catalina.core.ApplicationContext.log ContextListener: contextDestroyed()
24-Nov-2020 09:40:16.025 INFO [main] org.apache.catalina.core.ApplicationContext.log ContextListener: contextInitialized()
24-Nov-2020 09:40:16.025 INFO [main] org.apache.catalina.core.ApplicationContext.log SessionListener: contextInitialized()
24-Nov-2020 09:40:16.027 INFO [main] org.apache.catalina.core.ApplicationContext.log ContextListener: attributeAdded('StockTicker', 'async.Stockticker@7a675056')
24-Nov-2020 09:40:16.149 INFO [main] org.apache.catalina.core.ApplicationContext.log SessionListener: contextDestroyed()
24-Nov-2020 09:40:16.149 INFO [main] org.apache.catalina.core.ApplicationContext.log ContextListener: contextDestroyed()
24-Nov-2020 10:45:32.928 INFO [main] org.apache.catalina.core.ApplicationContext.log ContextListener: contextInitialized()
24-Nov-2020 10:45:32.928 INFO [main] org.apache.catalina.core.ApplicationContext.log SessionListener: contextInitialized()
24-Nov-2020 10:45:32.929 INFO [main] org.apache.catalina.core.ApplicationContext.log ContextListener: attributeAdded('StockTicker', 'async.Stockticker@548e6d58')
